c:\users\admin\desktop\blind_processing\tpm\src\x64\debug\tss.cpp.pch
c:\users\admin\desktop\blind_processing\tpm\src\x64\debug\vc141.pdb
c:\users\admin\desktop\blind_processing\tpm\src\x64\debug\vc141.idb
c:\users\admin\desktop\blind_processing\tpm\src\x64\debug\stdafx.obj
c:\users\admin\desktop\blind_processing\tpm\src\x64\debug\tpmtypes.obj
c:\users\admin\desktop\blind_processing\tpm\src\x64\debug\tpmstructurebase.obj
c:\users\admin\desktop\blind_processing\tpm\src\x64\debug\tpmdevice.obj
c:\users\admin\desktop\blind_processing\tpm\src\x64\debug\tpmcustomdefs.obj
c:\users\admin\desktop\blind_processing\tpm\src\x64\debug\tpmcpp.obj
c:\users\admin\desktop\blind_processing\tpm\src\x64\debug\tpm2.obj
c:\users\admin\desktop\blind_processing\tpm\src\x64\debug\textserializer.obj
c:\users\admin\desktop\blind_processing\tpm\src\x64\debug\policy.obj
c:\users\admin\desktop\blind_processing\tpm\src\x64\debug\marshallout.obj
c:\users\admin\desktop\blind_processing\tpm\src\x64\debug\marshallin.obj
c:\users\admin\desktop\blind_processing\tpm\src\x64\debug\helpers.obj
c:\users\admin\desktop\blind_processing\tpm\src\x64\debug\cryptoservices.obj
c:\users\admin\desktop\blind_processing\tpm\src\x64\debug\authsessions.obj
c:\users\admin\desktop\blind_processing\tpm\src\x64\debug\dllmain.obj
c:\users\admin\desktop\blind_processing\sgx\vs\x64\debug\tss.cpp.ilk
c:\users\admin\desktop\blind_processing\sgx\vs\x64\debug\tss.cpp.dll
c:\users\admin\desktop\blind_processing\sgx\vs\x64\debug\tss.cpp.pdb
c:\users\admin\desktop\blind_processing\sgx\vs\x64\debug\tss.cpp.lib
c:\users\admin\desktop\blind_processing\sgx\vs\x64\debug\tss.cpp.exp
c:\users\admin\desktop\blind_processing\tpm\src\x64\debug\tss.cpp.tlog\cl.command.1.tlog
c:\users\admin\desktop\blind_processing\tpm\src\x64\debug\tss.cpp.tlog\cl.read.1.tlog
c:\users\admin\desktop\blind_processing\tpm\src\x64\debug\tss.cpp.tlog\cl.write.1.tlog
c:\users\admin\desktop\blind_processing\tpm\src\x64\debug\tss.cpp.tlog\link.command.1.tlog
c:\users\admin\desktop\blind_processing\tpm\src\x64\debug\tss.cpp.tlog\link.read.1.tlog
c:\users\admin\desktop\blind_processing\tpm\src\x64\debug\tss.cpp.tlog\link.write.1.tlog
c:\users\admin\desktop\blind_processing\tpm\src\x64\debug\tss.cpp.tlog\tss.cpp.write.1u.tlog
