c:\users\admin\desktop\blind_processing\sgx\enclave\x64\debug\vc141.pdb
c:\users\admin\desktop\blind_processing\sgx\enclave\x64\debug\mystructure.obj
c:\users\admin\desktop\blind_processing\sgx\enclave\x64\debug\enclave.obj
c:\users\admin\desktop\blind_processing\sgx\enclave\x64\debug\enclave_t.obj
c:\users\admin\desktop\blind_processing\sgx\enclave\enclave_t.h
c:\users\admin\desktop\blind_processing\sgx\enclave\enclave_t.c
c:\users\admin\desktop\blind_processing\sgx\vs\x64\debug\enclave.lib
c:\users\admin\desktop\blind_processing\sgx\vs\x64\debug\enclave.exp
c:\users\admin\desktop\blind_processing\sgx\vs\x64\debug\enclave.dll
c:\users\admin\desktop\blind_processing\sgx\vs\x64\debug\enclave.pdb
c:\users\admin\desktop\blind_processing\sgx\enclave\x64\debug\enclave.tlog\cl.command.1.tlog
c:\users\admin\desktop\blind_processing\sgx\enclave\x64\debug\enclave.tlog\cl.read.1.tlog
c:\users\admin\desktop\blind_processing\sgx\enclave\x64\debug\enclave.tlog\cl.write.1.tlog
c:\users\admin\desktop\blind_processing\sgx\enclave\x64\debug\enclave.tlog\custombuild.command.1.tlog
c:\users\admin\desktop\blind_processing\sgx\enclave\x64\debug\enclave.tlog\custombuild.read.1.tlog
c:\users\admin\desktop\blind_processing\sgx\enclave\x64\debug\enclave.tlog\custombuild.write.1.tlog
c:\users\admin\desktop\blind_processing\sgx\enclave\x64\debug\enclave.tlog\enclave.write.1u.tlog
c:\users\admin\desktop\blind_processing\sgx\enclave\x64\debug\enclave.tlog\link.command.1.tlog
c:\users\admin\desktop\blind_processing\sgx\enclave\x64\debug\enclave.tlog\link.read.1.tlog
c:\users\admin\desktop\blind_processing\sgx\enclave\x64\debug\enclave.tlog\link.write.1.tlog
