c:\users\admin\desktop\blind_processing\sgx\vs\service-provider\x64\debug\vc141.pdb
c:\users\admin\desktop\blind_processing\sgx\vs\service-provider\x64\debug\vc141.idb
c:\users\admin\desktop\blind_processing\sgx\vs\service-provider\x64\debug\sp.obj
c:\users\admin\desktop\blind_processing\sgx\vs\service-provider\x64\debug\msgio.obj
c:\users\admin\desktop\blind_processing\sgx\vs\service-provider\x64\debug\iasrequest.obj
c:\users\admin\desktop\blind_processing\sgx\vs\service-provider\x64\debug\common.obj
c:\users\admin\desktop\blind_processing\sgx\vs\service-provider\x64\debug\agent_curl.obj
c:\users\admin\desktop\blind_processing\sgx\vs\service-provider\x64\debug\getopt.obj
c:\users\admin\desktop\blind_processing\sgx\vs\service-provider\x64\debug\logfile.obj
c:\users\admin\desktop\blind_processing\sgx\vs\service-provider\x64\debug\hexutil.obj
c:\users\admin\desktop\blind_processing\sgx\vs\service-provider\x64\debug\fileio.obj
c:\users\admin\desktop\blind_processing\sgx\vs\service-provider\x64\debug\crypto.obj
c:\users\admin\desktop\blind_processing\sgx\vs\service-provider\x64\debug\byteorder.obj
c:\users\admin\desktop\blind_processing\sgx\vs\service-provider\x64\debug\base64.obj
c:\users\admin\desktop\blind_processing\sgx\vs\x64\debug\sp.ilk
c:\users\admin\desktop\blind_processing\sgx\vs\x64\debug\sp.exe
c:\users\admin\desktop\blind_processing\sgx\vs\x64\debug\sp.pdb
c:\users\admin\desktop\blind_processing\sgx\vs\x64\debug\sp.lib
c:\users\admin\desktop\blind_processing\sgx\vs\x64\debug\sp.exp
c:\users\admin\desktop\blind_processing\sgx\vs\service-provider\x64\debug\sp.tlog\cl.command.1.tlog
c:\users\admin\desktop\blind_processing\sgx\vs\service-provider\x64\debug\sp.tlog\cl.read.1.tlog
c:\users\admin\desktop\blind_processing\sgx\vs\service-provider\x64\debug\sp.tlog\cl.write.1.tlog
c:\users\admin\desktop\blind_processing\sgx\vs\service-provider\x64\debug\sp.tlog\link.command.1.tlog
c:\users\admin\desktop\blind_processing\sgx\vs\service-provider\x64\debug\sp.tlog\link.read.1.tlog
c:\users\admin\desktop\blind_processing\sgx\vs\service-provider\x64\debug\sp.tlog\link.write.1.tlog
c:\users\admin\desktop\blind_processing\sgx\vs\service-provider\x64\debug\sp.tlog\sp.write.1u.tlog
